build/app/intermediates/manifest_merge_blame_file/debug/manifest-merger-blame-debug-report.txt
1<?xml version="1.0" encoding="utf-8"?>
2<manifest xmlns:android="http://schemas.android.com/apk/res/android"
3    package="maps.teste.com.br.flutter_app"
4    android:versionCode="1"
5    android:versionName="1.0.0" >
6
7    <uses-sdk
8        android:minSdkVersion="16"
9        android:targetSdkVersion="28" />
10    <!--
11         Flutter needs it to communicate with the running application
12         to allow setting breakpoints, to provide hot reload, etc.
13    -->
14    <uses-permission android:name="android.permission.INTERNET" />
14-->src\main\AndroidManifest.xml:9:5-67
14-->src\main\AndroidManifest.xml:9:22-64
15    <!--
16     io.flutter.app.FlutterApplication is an android.app.Application that
17         calls FlutterMain.startInitialization(this); in its onCreate method.
18         In most cases you can leave this as-is, but you if you want to provide
19         additional functionality it is fine to subclass or reimplement
20         FlutterApplication and put your custom class here.
21    -->
22    <uses-permission android:name="android.permission.ACCESS_FINE_LOCATION" />
22-->src\main\AndroidManifest.xml:8:5-79
22-->src\main\AndroidManifest.xml:8:22-76
23    <uses-permission android:name="android.permission.READ_PHONE_STATE" />
23-->src\main\AndroidManifest.xml:10:5-75
23-->src\main\AndroidManifest.xml:10:22-72
24    <uses-permission android:name="android.permission.ACCESS_COARSE_LOCATION" /> <!-- Include required permissions for Google Maps API to run. -->
24-->[:location] AndroidManifest.xml:7:5-81
24-->[:location] AndroidManifest.xml:7:22-78
25    <uses-permission android:name="android.permission.ACCESS_NETWORK_STATE" />
25-->[com.google.android.gms:play-services-maps:17.0.0] AndroidManifest.xml:23:5-79
25-->[com.google.android.gms:play-services-maps:17.0.0] AndroidManifest.xml:23:22-76
26
27    <uses-feature
27-->[com.google.android.gms:play-services-maps:17.0.0] AndroidManifest.xml:26:5-28:35
28        android:glEsVersion="0x00020000"
28-->[com.google.android.gms:play-services-maps:17.0.0] AndroidManifest.xml:27:9-41
29        android:required="true" />
29-->[com.google.android.gms:play-services-maps:17.0.0] AndroidManifest.xml:28:9-32
30
31    <application
31-->src\main\AndroidManifest.xml:14:5-38:19
32        android:name="io.flutter.app.FlutterApplication"
32-->src\main\AndroidManifest.xml:15:9-57
33        android:appComponentFactory="androidx.core.app.CoreComponentFactory"
33-->[androidx.core:core:1.0.0] AndroidManifest.xml:22:18-86
34        android:debuggable="true"
35        android:icon="@mipmap/ic_launcher"
35-->src\main\AndroidManifest.xml:17:9-43
36        android:label="flutter_app" >
36-->src\main\AndroidManifest.xml:16:9-36
37        <activity
37-->src\main\AndroidManifest.xml:18:9-29:20
38            android:name="maps.teste.com.br.flutter_app.MainActivity"
38-->src\main\AndroidManifest.xml:19:13-41
39            android:configChanges="orientation|keyboardHidden|keyboard|screenSize|smallestScreenSize|locale|layoutDirection|fontScale|screenLayout|density|uiMode"
39-->src\main\AndroidManifest.xml:22:13-163
40            android:hardwareAccelerated="true"
40-->src\main\AndroidManifest.xml:23:13-47
41            android:launchMode="singleTop"
41-->src\main\AndroidManifest.xml:20:13-43
42            android:theme="@style/LaunchTheme"
42-->src\main\AndroidManifest.xml:21:13-47
43            android:windowSoftInputMode="adjustResize" >
43-->src\main\AndroidManifest.xml:24:13-55
44            <intent-filter>
44-->src\main\AndroidManifest.xml:25:13-28:29
45                <action android:name="android.intent.action.MAIN" />
45-->src\main\AndroidManifest.xml:26:17-68
45-->src\main\AndroidManifest.xml:26:25-66
46
47                <category android:name="android.intent.category.LAUNCHER" />
47-->src\main\AndroidManifest.xml:27:17-76
47-->src\main\AndroidManifest.xml:27:27-74
48            </intent-filter>
49        </activity>
50        <!--
51             Don't delete the meta-data below.
52             This is used by the Flutter tool to generate GeneratedPluginRegistrant.java
53        -->
54        <meta-data
54-->src\main\AndroidManifest.xml:32:9-34:33
55            android:name="flutterEmbedding"
55-->src\main\AndroidManifest.xml:33:13-44
56            android:value="2" />
56-->src\main\AndroidManifest.xml:34:13-30
57        <meta-data
57-->src\main\AndroidManifest.xml:36:9-37:70
58            android:name="com.google.android.geo.API_KEY"
58-->src\main\AndroidManifest.xml:36:20-65
59            android:value="AIzaSyC1xXq4b7Zy87JW83-LaSh8cFNNvWzzlRc" />
59-->src\main\AndroidManifest.xml:37:13-68
60
61        <activity
61-->[:url_launcher] AndroidManifest.xml:8:9-11:74
62            android:name="io.flutter.plugins.urllauncher.WebViewActivity"
62-->[:url_launcher] AndroidManifest.xml:9:13-74
63            android:exported="false"
63-->[:url_launcher] AndroidManifest.xml:10:13-37
64            android:theme="@android:style/Theme.NoTitleBar.Fullscreen" /> <!-- Needs to be explicitly declared on P+ -->
64-->[:url_launcher] AndroidManifest.xml:11:13-71
65        <uses-library
65-->[com.google.android.gms:play-services-maps:17.0.0] AndroidManifest.xml:33:9-35:40
66            android:name="org.apache.http.legacy"
66-->[com.google.android.gms:play-services-maps:17.0.0] AndroidManifest.xml:34:13-50
67            android:required="false" />
67-->[com.google.android.gms:play-services-maps:17.0.0] AndroidManifest.xml:35:13-37
68
69        <activity
69-->[com.google.android.gms:play-services-base:17.0.0] AndroidManifest.xml:23:9-26:75
70            android:name="com.google.android.gms.common.api.GoogleApiActivity"
70-->[com.google.android.gms:play-services-base:17.0.0] AndroidManifest.xml:24:13-79
71            android:exported="false"
71-->[com.google.android.gms:play-services-base:17.0.0] AndroidManifest.xml:25:13-37
72            android:theme="@android:style/Theme.Translucent.NoTitleBar" />
72-->[com.google.android.gms:play-services-base:17.0.0] AndroidManifest.xml:26:13-72
73
74        <meta-data
74-->[com.google.android.gms:play-services-basement:17.0.0] AndroidManifest.xml:23:9-25:69
75            android:name="com.google.android.gms.version"
75-->[com.google.android.gms:play-services-basement:17.0.0] AndroidManifest.xml:24:13-58
76            android:value="@integer/google_play_services_version" />
76-->[com.google.android.gms:play-services-basement:17.0.0] AndroidManifest.xml:25:13-66
77    </application>
78
79</manifest>